x:\zenithengine\zenith\zenith\x64\debug\vc143.pdb
x:\zenithengine\zenith\zenith\x64\debug\vc143.idb
x:\zenithengine\zenith\zenith\x64\debug\zenithengine.obj
x:\zenithengine\zenith\zenith\x64\debug\main.obj
x:\zenithengine\zenith\zenith\x64\debug\graphicsengine.obj
x:\zenithengine\zenith\zenith\x64\debug\mesh.obj
x:\zenithengine\zenith\zenith\x64\debug\material.obj
x:\zenithengine\zenith\zenith\x64\debug\vertexbuffer.obj
x:\zenithengine\zenith\zenith\x64\debug\vertexarray.obj
x:\zenithengine\zenith\zenith\x64\debug\indexbuffer.obj
x:\zenithengine\zenith\zenith\x64\debug\inputhandler.obj
x:\zenithengine\zenith\zenith\x64\debug\shader.obj
x:\zenithengine\zenith\zenith\x64\debug\camera.obj
x:\zenithengine\zenith\x64\debug\zenith.exe
x:\zenithengine\zenith\x64\debug\zenith.pdb
x:\zenithengine\zenith\x64\debug\glfw3.dll
x:\zenithengine\zenith\zenith\x64\debug\zenith.ilk
x:\zenithengine\zenith\zenith\x64\debug\zenith.tlog\cl.command.1.tlog
x:\zenithengine\zenith\zenith\x64\debug\zenith.tlog\cl.items.tlog
x:\zenithengine\zenith\zenith\x64\debug\zenith.tlog\cl.read.1.tlog
x:\zenithengine\zenith\zenith\x64\debug\zenith.tlog\cl.write.1.tlog
x:\zenithengine\zenith\zenith\x64\debug\zenith.tlog\link.command.1.tlog
x:\zenithengine\zenith\zenith\x64\debug\zenith.tlog\link.read.1.tlog
x:\zenithengine\zenith\zenith\x64\debug\zenith.tlog\link.secondary.1.tlog
x:\zenithengine\zenith\zenith\x64\debug\zenith.tlog\link.write.1.tlog
x:\zenithengine\zenith\zenith\x64\debug\zenith.tlog\zenith.write.1u.tlog
